==> Making package: xenia-git 1.0.119.r402.gbc0ddbb-1 (Mon Sep 12 20:03:48 EDT 2016)
==> Checking runtime dependencies...
==> Checking buildtime dependencies...
==> Retrieving sources...
  -> Updating xenia git repo...
Fetching origin
  -> Updating xbyak git repo...
Fetching origin
  -> Updating imgui git repo...
Fetching origin
  -> Updating binutils-ppc-cygwin git repo...
Fetching origin
  -> Updating capstone git repo...
Fetching origin
  -> Updating libav git repo...
Fetching origin
  -> Updating SPIRV-Tools git repo...
Fetching origin
  -> Updating Catch git repo...
Fetching origin
  -> Updating gflags git repo...
Fetching origin
  -> Updating premake-core git repo...
Fetching origin
  -> Updating premake-xcode git repo...
Fetching origin
  -> Updating premake-monodevelop git repo...
Fetching origin
  -> Updating premake-codelite git repo...
Fetching origin
  -> Updating premake-dlang git repo...
Fetching origin
  -> Updating snappy git repo...
Fetching origin
  -> Updating premake-export-compile-commands git repo...
Fetching origin
  -> Updating yaml-cpp git repo...
Fetching origin
  -> Updating SPIRV-Headers git repo...
Fetching origin
==> Validating source files with md5sums...
    xenia ... Skipped
    xbyak ... Skipped
    imgui ... Skipped
    binutils-ppc-cygwin ... Skipped
    capstone ... Skipped
    libav ... Skipped
    SPIRV-Tools ... Skipped
    Catch ... Skipped
    gflags ... Skipped
    premake-core ... Skipped
    premake-xcode ... Skipped
    premake-monodevelop ... Skipped
    premake-codelite ... Skipped
    premake-dlang ... Skipped
    snappy ... Skipped
    premake-export-compile-commands ... Skipped
    yaml-cpp ... Skipped
    SPIRV-Headers ... Skipped
==> Extracting sources...
  -> Creating working copy of xenia git repo...
Reset branch 'makepkg'
  -> Creating working copy of xbyak git repo...
Reset branch 'makepkg'
  -> Creating working copy of imgui git repo...
Reset branch 'makepkg'
  -> Creating working copy of binutils-ppc-cygwin git repo...
Reset branch 'makepkg'
  -> Creating working copy of capstone git repo...
Reset branch 'makepkg'
  -> Creating working copy of libav git repo...
Reset branch 'makepkg'
  -> Creating working copy of SPIRV-Tools git repo...
Reset branch 'makepkg'
  -> Creating working copy of Catch git repo...
Reset branch 'makepkg'
  -> Creating working copy of gflags git repo...
Reset branch 'makepkg'
  -> Creating working copy of premake-core git repo...
Reset branch 'makepkg'
  -> Creating working copy of premake-xcode git repo...
Reset branch 'makepkg'
  -> Creating working copy of premake-monodevelop git repo...
Reset branch 'makepkg'
  -> Creating working copy of premake-codelite git repo...
Reset branch 'makepkg'
  -> Creating working copy of premake-dlang git repo...
Reset branch 'makepkg'
  -> Creating working copy of snappy git repo...
Reset branch 'makepkg'
  -> Creating working copy of premake-export-compile-commands git repo...
Reset branch 'makepkg'
  -> Creating working copy of yaml-cpp git repo...
Reset branch 'makepkg'
  -> Creating working copy of SPIRV-Headers git repo...
Reset branch 'makepkg'
==> Starting prepare()...
==> Initializing Xenia submodules
==> Configuring Xenia submodules
==> Updating Xenia submodules
==> Initializing Premake-Core submodules
==> Configuring Premake-Core sudmodules
==> Updating Premake-Core Submodules
==> Starting pkgver()...
==> Removing existing $pkgdir/ directory...
==> Starting build()...
- linting 534 files

Linting completed successfully.
mkdir -p build/bootstrap
cc -o build/bootstrap/premake_bootstrap -DPREMAKE_NO_BUILTIN_SCRIPTS -DLUA_USE_POSIX -DLUA_USE_DLOPEN -I"src/host/lua/src" src/host/os_writefile_ifnotequal.c src/host/os_chdir.c src/host/string_startswith.c src/host/os_copyfile.c src/host/path_getrelative.c src/host/os_isdir.c src/host/path_join.c src/host/os_locate.c src/host/os_getversion.c src/host/os_islink.c src/host/os_uuid.c src/host/criteria_matches.c src/host/premake_main.c src/host/os_stat.c src/host/os_match.c src/host/os_isfile.c src/host/lua_auxlib.c src/host/os_chmod.c src/host/string_endswith.c src/host/path_translate.c src/host/os_rmdir.c src/host/buffered_io.c src/host/debug_prompt.c src/host/path_isabsolute.c src/host/os_compile.c src/host/os_realpath.c src/host/string_hash.c src/host/path_getabsolute.c src/host/os_mkdir.c src/host/path_normalize.c src/host/os_pathsearch.c src/host/os_is64bit.c src/host/string_sha1.c src/host/premake.c src/host/path_wildcards.c src/host/os_getcwd.c src/host/zip_extract.c src/host/http.c src/host/lua/src/lapi.c src/host/lua/src/lcode.c src/host/lua/src/ldebug.c src/host/lua/src/ldump.c src/host/lua/src/lgc.c src/host/lua/src/liolib.c src/host/lua/src/lmathlib.c src/host/lua/src/loadlib.c src/host/lua/src/lopcodes.c src/host/lua/src/lparser.c src/host/lua/src/lstring.c src/host/lua/src/ltable.c src/host/lua/src/ltm.c src/host/lua/src/lvm.c src/host/lua/src/lbaselib.c src/host/lua/src/ldblib.c src/host/lua/src/ldo.c src/host/lua/src/lfunc.c src/host/lua/src/linit.c src/host/lua/src/llex.c src/host/lua/src/lmem.c src/host/lua/src/lobject.c src/host/lua/src/loslib.c src/host/lua/src/lstate.c src/host/lua/src/lstrlib.c src/host/lua/src/ltablib.c src/host/lua/src/lundump.c src/host/lua/src/lzio.c -lm -ldl -lrt
./build/bootstrap/premake_bootstrap embed
Error: ...xenia/third_party/premake-core/src/_premake_main.lua:121: module 'xcode' not found:
	no field package.preload['xcode']
	no file './xcode.lua'
	no file '/usr/local/share/lua/5.1/xcode.lua'
	no file '/usr/local/share/lua/5.1/xcode/init.lua'
	no file '/usr/local/lib/lua/5.1/xcode.lua'
	no file '/usr/local/lib/lua/5.1/xcode/init.lua'
	no file './xcode.so'
	no file '/usr/local/lib/lua/5.1/xcode.so'
	no file '/usr/local/lib/lua/5.1/loadall.so'
stack traceback:
	[C]: in function 'error'
	.../xenia/third_party/premake-core/src/base/globals.lua:79: in function <.../xenia/third_party/premake-core/src/base/globals.lua:76>
	(tail call): ?
	...xenia/third_party/premake-core/src/_premake_main.lua:121: in function '?'
	...ia/third_party/premake-core/src/base/_foundation.lua:107: in function 'callArray'
	...xenia/third_party/premake-core/src/_premake_main.lua:365: in function <...xenia/third_party/premake-core/src/_premake_main.lua:364>
make: *** [Bootstrap.mak:63: linux] Error 1
premake5 executable not found, attempting build...
Traceback (most recent call last):
  File "tools/build/premake", line 162, in <module>
    main()
  File "tools/build/premake", line 30, in main
    build_premake()
  File "tools/build/premake", line 75, in build_premake
    'linux',
  File "tools/build/premake", line 114, in shell_call
    subprocess.check_call(command, shell=False, stdout=stdout_file)
  File "/usr/lib/python3.5/subprocess.py", line 581, in check_call
    raise CalledProcessError(retcode, cmd)
subprocess.CalledProcessError: Command '['make', '-f', 'Bootstrap.mak', 'linux']' returned non-zero exit status 2
mkdir -p build/bootstrap
cc -o build/bootstrap/premake_bootstrap -DPREMAKE_NO_BUILTIN_SCRIPTS -DLUA_USE_POSIX -DLUA_USE_DLOPEN -I"src/host/lua/src" src/host/os_writefile_ifnotequal.c src/host/os_chdir.c src/host/string_startswith.c src/host/os_copyfile.c src/host/path_getrelative.c src/host/os_isdir.c src/host/path_join.c src/host/os_locate.c src/host/os_getversion.c src/host/os_islink.c src/host/os_uuid.c src/host/criteria_matches.c src/host/premake_main.c src/host/os_stat.c src/host/os_match.c src/host/os_isfile.c src/host/lua_auxlib.c src/host/os_chmod.c src/host/string_endswith.c src/host/path_translate.c src/host/os_rmdir.c src/host/buffered_io.c src/host/debug_prompt.c src/host/path_isabsolute.c src/host/os_compile.c src/host/os_realpath.c src/host/string_hash.c src/host/path_getabsolute.c src/host/os_mkdir.c src/host/path_normalize.c src/host/os_pathsearch.c src/host/os_is64bit.c src/host/string_sha1.c src/host/premake.c src/host/path_wildcards.c src/host/os_getcwd.c src/host/zip_extract.c src/host/http.c src/host/lua/src/lapi.c src/host/lua/src/lcode.c src/host/lua/src/ldebug.c src/host/lua/src/ldump.c src/host/lua/src/lgc.c src/host/lua/src/liolib.c src/host/lua/src/lmathlib.c src/host/lua/src/loadlib.c src/host/lua/src/lopcodes.c src/host/lua/src/lparser.c src/host/lua/src/lstring.c src/host/lua/src/ltable.c src/host/lua/src/ltm.c src/host/lua/src/lvm.c src/host/lua/src/lbaselib.c src/host/lua/src/ldblib.c src/host/lua/src/ldo.c src/host/lua/src/lfunc.c src/host/lua/src/linit.c src/host/lua/src/llex.c src/host/lua/src/lmem.c src/host/lua/src/lobject.c src/host/lua/src/loslib.c src/host/lua/src/lstate.c src/host/lua/src/lstrlib.c src/host/lua/src/ltablib.c src/host/lua/src/lundump.c src/host/lua/src/lzio.c -lm -ldl -lrt
